<?xml version="1.0" encoding="UTF-8"?>
<!-- Generated by org.testng.reporters.JUnitXMLReporter -->
<testsuite hostname="DESKTOP-JFIIDIB" name="Test Login on IE" tests="3" failures="1" timestamp="7 Aug 2020 01:19:17 GMT" time="35.188" errors="0">
  <testcase name="verifyAcessEmpty" time="9.394" classname="tests.TestLoginBank"/>
  <testcase name="verifyAcessInvalid" time="4.165" classname="tests.TestLoginBank">
    <failure type="java.lang.NullPointerException">
      <![CDATA[java.lang.NullPointerException
	at org.openqa.selenium.support.pagefactory.internal.LocatingElementHandler.invoke(LocatingElementHandler.java:51)
	at com.sun.proxy.$Proxy11.getAttribute(Unknown Source)
	at page_objects.LogInBankPage.verifyErrorLogin(LogInBankPage.java:68)
	at tests.TestLoginBank.verifyAcessInvalid(TestLoginBank.java:43)
	at java.util.concurrent.FutureTask.run(Unknown Source)
	at java.util.concurrent.ThreadPoolExecutor.runWorker(Unknown Source)
	at java.util.concurrent.ThreadPoolExecutor$Worker.run(Unknown Source)
	at java.lang.Thread.run(Unknown Source)
... Removed 20 stack frames]]>
    </failure>
  </testcase> <!-- verifyAcessInvalid -->
  <testcase name="verifyAcessSuccessfully" time="8.947" classname="tests.TestLoginBank"/>
</testsuite> <!-- Test Login on IE -->
