<?xml version="1.0" encoding="UTF-8"?>
<!-- Generated by org.testng.reporters.JUnitXMLReporter -->
<testsuite hostname="DESKTOP-JFIIDIB" name="Test on Chrome" tests="3" failures="0" timestamp="6 Aug 2020 19:34:48 GMT" time="30.331" errors="0">
  <testcase name="verifyAcessEmpty" time="5.162" classname="tests.TestLoginBank"/>
  <testcase name="verifyAcessInvalid" time="4.671" classname="tests.TestLoginBank"/>
  <testcase name="verifyAcessSuccessfully" time="5.014" classname="tests.TestLoginBank"/>
</testsuite> <!-- Test on Chrome -->
