<?xml version="1.0" encoding="UTF-8"?>
<!-- Generated by org.testng.reporters.JUnitXMLReporter -->
<testsuite hostname="DESKTOP-JFIIDIB" name="Test on FireFox" tests="3" failures="0" timestamp="6 Aug 2020 19:34:52 GMT" time="33.64" errors="0">
  <testcase name="verifyAcessEmpty" time="4.036" classname="tests.TestLoginBank"/>
  <testcase name="verifyAcessInvalid" time="5.348" classname="tests.TestLoginBank"/>
  <testcase name="verifyAcessSuccessfully" time="6.179" classname="tests.TestLoginBank"/>
</testsuite> <!-- Test on FireFox -->
