<?xml version="1.0" encoding="UTF-8"?>
<!-- Generated by org.testng.reporters.JUnitXMLReporter -->
<testsuite hostname="DESKTOP-JFIIDIB" name="Test Login on Chrome" tests="3" failures="0" timestamp="7 Aug 2020 01:19:19 GMT" time="36.977" errors="0">
  <testcase name="verifyAcessEmpty" time="5.815" classname="tests.TestLoginBank"/>
  <testcase name="verifyAcessInvalid" time="5.902" classname="tests.TestLoginBank"/>
  <testcase name="verifyAcessSuccessfully" time="6.972" classname="tests.TestLoginBank"/>
</testsuite> <!-- Test Login on Chrome -->
