<?xml version="1.0" encoding="UTF-8"?>
<!-- Generated by org.testng.reporters.JUnitXMLReporter -->
<testsuite hostname="DESKTOP-JFIIDIB" name="Test Login on IE" tests="3" failures="0" timestamp="7 Aug 2020 02:36:49 GMT" time="36.349" errors="0">
  <testcase name="verifyAcessEmpty" time="11.317" classname="tests.TestLoginBank"/>
  <testcase name="verifyAcessInvalid" time="9.357" classname="tests.TestLoginBank"/>
  <testcase name="verifyAcessSuccessfully" time="8.99" classname="tests.TestLoginBank"/>
</testsuite> <!-- Test Login on IE -->
