<?xml version="1.0" encoding="UTF-8"?>
<!-- Generated by org.testng.reporters.JUnitXMLReporter -->
<testsuite hostname="DESKTOP-JFIIDIB" name="Test Login on FireFox" tests="3" failures="0" timestamp="7 Aug 2020 02:36:47 GMT" time="33.405" errors="0">
  <testcase name="verifyAcessEmpty" time="5.031" classname="tests.TestLoginBank"/>
  <testcase name="verifyAcessInvalid" time="4.082" classname="tests.TestLoginBank"/>
  <testcase name="verifyAcessSuccessfully" time="6.461" classname="tests.TestLoginBank"/>
</testsuite> <!-- Test Login on FireFox -->
