<?xml version="1.0" encoding="UTF-8"?>
<!-- Generated by org.testng.reporters.JUnitXMLReporter -->
<testsuite hostname="DESKTOP-JFIIDIB" name="Test Login on Chrome" tests="3" failures="0" timestamp="7 Aug 2020 01:29:24 GMT" time="30.671" errors="0">
  <testcase name="verifyAcessEmpty" time="3.927" classname="tests.TestLoginBank"/>
  <testcase name="verifyAcessInvalid" time="6.657" classname="tests.TestLoginBank"/>
  <testcase name="verifyAcessSuccessfully" time="5.523" classname="tests.TestLoginBank"/>
</testsuite> <!-- Test Login on Chrome -->
