<?xml version="1.0" encoding="UTF-8"?>
<!-- Generated by org.testng.reporters.JUnitXMLReporter -->
<testsuite hostname="DESKTOP-JFIIDIB" name="Test Login on FireFox" tests="3" failures="0" timestamp="7 Aug 2020 01:19:23 GMT" time="41.759" errors="0">
  <testcase name="verifyAcessEmpty" time="6.631" classname="tests.TestLoginBank"/>
  <testcase name="verifyAcessInvalid" time="6.938" classname="tests.TestLoginBank"/>
  <testcase name="verifyAcessSuccessfully" time="6.105" classname="tests.TestLoginBank"/>
</testsuite> <!-- Test Login on FireFox -->
