<?xml version="1.0" encoding="UTF-8"?>
<testng-results skipped="0" failed="1" total="10" passed="9">
  <reporter-output>
  </reporter-output>
  <suite name="LoginBank" duration-ms="58101" started-at="2020-08-07T01:18:42Z" finished-at="2020-08-07T01:19:40Z">
    <groups>
    </groups>
    <test name="Test Login on IE" duration-ms="35188" started-at="2020-08-07T01:18:42Z" finished-at="2020-08-07T01:19:17Z">
      <class name="tests.TestLoginBank">
        <test-method status="PASS" signature="before(java.lang.String)[pri:0, instance:tests.TestLoginBank@1460a8c0]" name="before" is-config="true" duration-ms="11859" started-at="2020-08-06T22:18:42Z" finished-at="2020-08-06T22:18:54Z">
          <params>
            <param index="0">
              <value>
                <![CDATA[InternetExplore]]>
              </value>
            </param>
          </params>
          <reporter-output>
          </reporter-output>
        </test-method> <!-- before -->
        <test-method status="PASS" signature="init()[pri:0, instance:tests.TestLoginBank@1460a8c0]" name="init" is-config="true" duration-ms="133" started-at="2020-08-06T22:18:54Z" finished-at="2020-08-06T22:18:54Z">
          <reporter-output>
          </reporter-output>
        </test-method> <!-- init -->
        <test-method status="PASS" signature="verifyAcessEmpty()[pri:0, instance:tests.TestLoginBank@1460a8c0]" name="verifyAcessEmpty" duration-ms="9394" started-at="2020-08-06T22:18:54Z" finished-at="2020-08-06T22:19:03Z">
          <reporter-output>
          </reporter-output>
        </test-method> <!-- verifyAcessEmpty -->
        <test-method status="PASS" signature="init()[pri:0, instance:tests.TestLoginBank@1460a8c0]" name="init" is-config="true" duration-ms="2" started-at="2020-08-06T22:19:03Z" finished-at="2020-08-06T22:19:03Z">
          <reporter-output>
          </reporter-output>
        </test-method> <!-- init -->
        <test-method status="FAIL" signature="verifyAcessInvalid()[pri:0, instance:tests.TestLoginBank@1460a8c0]" name="verifyAcessInvalid" duration-ms="4165" started-at="2020-08-06T22:19:03Z" finished-at="2020-08-06T22:19:07Z">
          <exception class="java.lang.NullPointerException">
            <full-stacktrace>
              <![CDATA[java.lang.NullPointerException
	at sun.reflect.NativeMethodAccessorImpl.invoke0(Native Method)
	at sun.reflect.NativeMethodAccessorImpl.invoke(Unknown Source)
	at sun.reflect.DelegatingMethodAccessorImpl.invoke(Unknown Source)
	at java.lang.reflect.Method.invoke(Unknown Source)
	at org.openqa.selenium.support.pagefactory.internal.LocatingElementHandler.invoke(LocatingElementHandler.java:51)
	at com.sun.proxy.$Proxy11.getAttribute(Unknown Source)
	at page_objects.LogInBankPage.verifyErrorLogin(LogInBankPage.java:68)
	at tests.TestLoginBank.verifyAcessInvalid(TestLoginBank.java:43)
	at sun.reflect.NativeMethodAccessorImpl.invoke0(Native Method)
	at sun.reflect.NativeMethodAccessorImpl.invoke(Unknown Source)
	at sun.reflect.DelegatingMethodAccessorImpl.invoke(Unknown Source)
	at java.lang.reflect.Method.invoke(Unknown Source)
	at org.testng.internal.MethodInvocationHelper.invokeMethod(MethodInvocationHelper.java:84)
	at org.testng.internal.Invoker.invokeMethod(Invoker.java:714)
	at org.testng.internal.Invoker.invokeTestMethod(Invoker.java:901)
	at org.testng.internal.Invoker.invokeTestMethods(Invoker.java:1231)
	at org.testng.internal.TestMethodWorker.invokeTestMethods(TestMethodWorker.java:127)
	at org.testng.internal.TestMethodWorker.run(TestMethodWorker.java:111)
	at org.testng.TestRunner.privateRun(TestRunner.java:767)
	at org.testng.TestRunner.run(TestRunner.java:617)
	at org.testng.SuiteRunner.runTest(SuiteRunner.java:348)
	at org.testng.SuiteRunner.access$000(SuiteRunner.java:38)
	at org.testng.SuiteRunner$SuiteWorker.run(SuiteRunner.java:382)
	at org.testng.internal.thread.ThreadUtil$2.call(ThreadUtil.java:64)
	at java.util.concurrent.FutureTask.run(Unknown Source)
	at java.util.concurrent.ThreadPoolExecutor.runWorker(Unknown Source)
	at java.util.concurrent.ThreadPoolExecutor$Worker.run(Unknown Source)
	at java.lang.Thread.run(Unknown Source)
]]>
            </full-stacktrace>
          </exception> <!-- java.lang.NullPointerException -->
          <reporter-output>
          </reporter-output>
        </test-method> <!-- verifyAcessInvalid -->
        <test-method status="PASS" signature="init()[pri:0, instance:tests.TestLoginBank@1460a8c0]" name="init" is-config="true" duration-ms="2" started-at="2020-08-06T22:19:07Z" finished-at="2020-08-06T22:19:07Z">
          <reporter-output>
          </reporter-output>
        </test-method> <!-- init -->
        <test-method status="PASS" signature="verifyAcessSuccessfully()[pri:0, instance:tests.TestLoginBank@1460a8c0]" name="verifyAcessSuccessfully" duration-ms="8947" started-at="2020-08-06T22:19:07Z" finished-at="2020-08-06T22:19:16Z">
          <reporter-output>
          </reporter-output>
        </test-method> <!-- verifyAcessSuccessfully -->
        <test-method status="PASS" signature="after()[pri:0, instance:tests.TestLoginBank@1460a8c0]" name="after" is-config="true" duration-ms="642" started-at="2020-08-06T22:19:16Z" finished-at="2020-08-06T22:19:17Z">
          <reporter-output>
          </reporter-output>
        </test-method> <!-- after -->
      </class> <!-- tests.TestLoginBank -->
    </test> <!-- Test Login on IE -->
    <test name="Test Login on Chrome" duration-ms="36977" started-at="2020-08-07T01:18:42Z" finished-at="2020-08-07T01:19:19Z">
      <class name="tests.TestLoginBank">
        <test-method status="PASS" signature="before(java.lang.String)[pri:0, instance:tests.TestLoginBank@3b2da18f]" name="before" is-config="true" duration-ms="17325" started-at="2020-08-06T22:18:42Z" finished-at="2020-08-06T22:18:59Z">
          <params>
            <param index="0">
              <value>
                <![CDATA[Chrome]]>
              </value>
            </param>
          </params>
          <reporter-output>
          </reporter-output>
        </test-method> <!-- before -->
        <test-method status="PASS" signature="init()[pri:0, instance:tests.TestLoginBank@3b2da18f]" name="init" is-config="true" duration-ms="9" started-at="2020-08-06T22:18:59Z" finished-at="2020-08-06T22:18:59Z">
          <reporter-output>
          </reporter-output>
        </test-method> <!-- init -->
        <test-method status="PASS" signature="verifyAcessEmpty()[pri:0, instance:tests.TestLoginBank@3b2da18f]" name="verifyAcessEmpty" duration-ms="5815" started-at="2020-08-06T22:18:59Z" finished-at="2020-08-06T22:19:05Z">
          <reporter-output>
          </reporter-output>
        </test-method> <!-- verifyAcessEmpty -->
        <test-method status="PASS" signature="init()[pri:0, instance:tests.TestLoginBank@3b2da18f]" name="init" is-config="true" duration-ms="3" started-at="2020-08-06T22:19:05Z" finished-at="2020-08-06T22:19:05Z">
          <reporter-output>
          </reporter-output>
        </test-method> <!-- init -->
        <test-method status="PASS" signature="verifyAcessInvalid()[pri:0, instance:tests.TestLoginBank@3b2da18f]" name="verifyAcessInvalid" duration-ms="5902" started-at="2020-08-06T22:19:05Z" finished-at="2020-08-06T22:19:11Z">
          <reporter-output>
          </reporter-output>
        </test-method> <!-- verifyAcessInvalid -->
        <test-method status="PASS" signature="init()[pri:0, instance:tests.TestLoginBank@3b2da18f]" name="init" is-config="true" duration-ms="4" started-at="2020-08-06T22:19:11Z" finished-at="2020-08-06T22:19:11Z">
          <reporter-output>
          </reporter-output>
        </test-method> <!-- init -->
        <test-method status="PASS" signature="verifyAcessSuccessfully()[pri:0, instance:tests.TestLoginBank@3b2da18f]" name="verifyAcessSuccessfully" duration-ms="6972" started-at="2020-08-06T22:19:11Z" finished-at="2020-08-06T22:19:18Z">
          <reporter-output>
          </reporter-output>
        </test-method> <!-- verifyAcessSuccessfully -->
        <test-method status="PASS" signature="after()[pri:0, instance:tests.TestLoginBank@3b2da18f]" name="after" is-config="true" duration-ms="883" started-at="2020-08-06T22:19:18Z" finished-at="2020-08-06T22:19:19Z">
          <reporter-output>
          </reporter-output>
        </test-method> <!-- after -->
      </class> <!-- tests.TestLoginBank -->
    </test> <!-- Test Login on Chrome -->
    <test name="Test Login on FireFox" duration-ms="41759" started-at="2020-08-07T01:18:42Z" finished-at="2020-08-07T01:19:23Z">
      <class name="tests.TestLoginBank">
        <test-method status="PASS" signature="before(java.lang.String)[pri:0, instance:tests.TestLoginBank@a4102b8]" name="before" is-config="true" duration-ms="14937" started-at="2020-08-06T22:18:42Z" finished-at="2020-08-06T22:18:57Z">
          <params>
            <param index="0">
              <value>
                <![CDATA[Fire fox]]>
              </value>
            </param>
          </params>
          <reporter-output>
          </reporter-output>
        </test-method> <!-- before -->
        <test-method status="PASS" signature="init()[pri:0, instance:tests.TestLoginBank@a4102b8]" name="init" is-config="true" duration-ms="7" started-at="2020-08-06T22:18:57Z" finished-at="2020-08-06T22:18:57Z">
          <reporter-output>
          </reporter-output>
        </test-method> <!-- init -->
        <test-method status="PASS" signature="verifyAcessEmpty()[pri:0, instance:tests.TestLoginBank@a4102b8]" name="verifyAcessEmpty" duration-ms="6631" started-at="2020-08-06T22:18:57Z" finished-at="2020-08-06T22:19:03Z">
          <reporter-output>
          </reporter-output>
        </test-method> <!-- verifyAcessEmpty -->
        <test-method status="PASS" signature="init()[pri:0, instance:tests.TestLoginBank@a4102b8]" name="init" is-config="true" duration-ms="3" started-at="2020-08-06T22:19:03Z" finished-at="2020-08-06T22:19:03Z">
          <reporter-output>
          </reporter-output>
        </test-method> <!-- init -->
        <test-method status="PASS" signature="verifyAcessInvalid()[pri:0, instance:tests.TestLoginBank@a4102b8]" name="verifyAcessInvalid" duration-ms="6938" started-at="2020-08-06T22:19:03Z" finished-at="2020-08-06T22:19:10Z">
          <reporter-output>
          </reporter-output>
        </test-method> <!-- verifyAcessInvalid -->
        <test-method status="PASS" signature="init()[pri:0, instance:tests.TestLoginBank@a4102b8]" name="init" is-config="true" duration-ms="4" started-at="2020-08-06T22:19:10Z" finished-at="2020-08-06T22:19:10Z">
          <reporter-output>
          </reporter-output>
        </test-method> <!-- init -->
        <test-method status="PASS" signature="verifyAcessSuccessfully()[pri:0, instance:tests.TestLoginBank@a4102b8]" name="verifyAcessSuccessfully" duration-ms="6105" started-at="2020-08-06T22:19:10Z" finished-at="2020-08-06T22:19:16Z">
          <reporter-output>
          </reporter-output>
        </test-method> <!-- verifyAcessSuccessfully -->
        <test-method status="PASS" signature="after()[pri:0, instance:tests.TestLoginBank@a4102b8]" name="after" is-config="true" duration-ms="7107" started-at="2020-08-06T22:19:16Z" finished-at="2020-08-06T22:19:23Z">
          <reporter-output>
          </reporter-output>
        </test-method> <!-- after -->
      </class> <!-- tests.TestLoginBank -->
    </test> <!-- Test Login on FireFox -->
    <test name="Test SavingsAdd on Chrome" duration-ms="22888" started-at="2020-08-07T01:19:17Z" finished-at="2020-08-07T01:19:40Z">
      <class name="tests.TestSavingsAdd">
        <test-method status="PASS" signature="before(java.lang.String)[pri:0, instance:tests.TestSavingsAdd@7ff95560]" name="before" is-config="true" duration-ms="14008" started-at="2020-08-06T22:19:17Z" finished-at="2020-08-06T22:19:31Z">
          <params>
            <param index="0">
              <value>
                <![CDATA[Chrome]]>
              </value>
            </param>
          </params>
          <reporter-output>
          </reporter-output>
        </test-method> <!-- before -->
        <test-method status="PASS" signature="init()[pri:0, instance:tests.TestSavingsAdd@7ff95560]" name="init" is-config="true" duration-ms="8211" started-at="2020-08-06T22:19:31Z" finished-at="2020-08-06T22:19:39Z">
          <reporter-output>
          </reporter-output>
        </test-method> <!-- init -->
        <test-method status="PASS" signature="Abc()[pri:0, instance:tests.TestSavingsAdd@7ff95560]" name="Abc" duration-ms="6" started-at="2020-08-06T22:19:39Z" finished-at="2020-08-06T22:19:39Z">
          <reporter-output>
          </reporter-output>
        </test-method> <!-- Abc -->
        <test-method status="PASS" signature="after()[pri:0, instance:tests.TestSavingsAdd@7ff95560]" name="after" is-config="true" duration-ms="656" started-at="2020-08-06T22:19:39Z" finished-at="2020-08-06T22:19:40Z">
          <reporter-output>
          </reporter-output>
        </test-method> <!-- after -->
      </class> <!-- tests.TestSavingsAdd -->
    </test> <!-- Test SavingsAdd on Chrome -->
  </suite> <!-- LoginBank -->
</testng-results>
