<?xml version="1.0" encoding="UTF-8"?>
<testng-results skipped="0" failed="1" total="10" passed="9">
  <reporter-output>
  </reporter-output>
  <suite name="LoginBank" duration-ms="105599" started-at="2020-08-07T00:55:23Z" finished-at="2020-08-07T00:57:08Z">
    <groups>
    </groups>
    <test name="Test Login on Chrome" duration-ms="78788" started-at="2020-08-07T00:55:23Z" finished-at="2020-08-07T00:56:41Z">
      <class name="tests.TestLoginBank">
        <test-method status="PASS" signature="before(java.lang.String)[pri:0, instance:tests.TestLoginBank@3b2da18f]" name="before" is-config="true" duration-ms="52457" started-at="2020-08-06T21:55:23Z" finished-at="2020-08-06T21:56:15Z">
          <params>
            <param index="0">
              <value>
                <![CDATA[Chrome]]>
              </value>
            </param>
          </params>
          <reporter-output>
          </reporter-output>
        </test-method> <!-- before -->
        <test-method status="PASS" signature="init()[pri:0, instance:tests.TestLoginBank@3b2da18f]" name="init" is-config="true" duration-ms="85" started-at="2020-08-06T21:56:15Z" finished-at="2020-08-06T21:56:15Z">
          <reporter-output>
          </reporter-output>
        </test-method> <!-- init -->
        <test-method status="PASS" signature="verifyAcessEmpty()[pri:0, instance:tests.TestLoginBank@3b2da18f]" name="verifyAcessEmpty" duration-ms="8362" started-at="2020-08-06T21:56:15Z" finished-at="2020-08-06T21:56:23Z">
          <reporter-output>
          </reporter-output>
        </test-method> <!-- verifyAcessEmpty -->
        <test-method status="PASS" signature="init()[pri:0, instance:tests.TestLoginBank@3b2da18f]" name="init" is-config="true" duration-ms="58" started-at="2020-08-06T21:56:23Z" finished-at="2020-08-06T21:56:24Z">
          <reporter-output>
          </reporter-output>
        </test-method> <!-- init -->
        <test-method status="PASS" signature="verifyAcessInvalid()[pri:0, instance:tests.TestLoginBank@3b2da18f]" name="verifyAcessInvalid" duration-ms="2836" started-at="2020-08-06T21:56:24Z" finished-at="2020-08-06T21:56:26Z">
          <reporter-output>
          </reporter-output>
        </test-method> <!-- verifyAcessInvalid -->
        <test-method status="PASS" signature="init()[pri:0, instance:tests.TestLoginBank@3b2da18f]" name="init" is-config="true" duration-ms="5" started-at="2020-08-06T21:56:26Z" finished-at="2020-08-06T21:56:26Z">
          <reporter-output>
          </reporter-output>
        </test-method> <!-- init -->
        <test-method status="PASS" signature="verifyAcessSuccessfully()[pri:0, instance:tests.TestLoginBank@3b2da18f]" name="verifyAcessSuccessfully" duration-ms="12719" started-at="2020-08-06T21:56:26Z" finished-at="2020-08-06T21:56:39Z">
          <reporter-output>
          </reporter-output>
        </test-method> <!-- verifyAcessSuccessfully -->
        <test-method status="PASS" signature="after()[pri:0, instance:tests.TestLoginBank@3b2da18f]" name="after" is-config="true" duration-ms="2181" started-at="2020-08-06T21:56:39Z" finished-at="2020-08-06T21:56:41Z">
          <reporter-output>
          </reporter-output>
        </test-method> <!-- after -->
      </class> <!-- tests.TestLoginBank -->
    </test> <!-- Test Login on Chrome -->
    <test name="Test Login on IE" duration-ms="87207" started-at="2020-08-07T00:55:23Z" finished-at="2020-08-07T00:56:50Z">
      <class name="tests.TestLoginBank">
        <test-method status="PASS" signature="before(java.lang.String)[pri:0, instance:tests.TestLoginBank@1460a8c0]" name="before" is-config="true" duration-ms="37672" started-at="2020-08-06T21:55:23Z" finished-at="2020-08-06T21:56:00Z">
          <params>
            <param index="0">
              <value>
                <![CDATA[InternetExplore]]>
              </value>
            </param>
          </params>
          <reporter-output>
          </reporter-output>
        </test-method> <!-- before -->
        <test-method status="PASS" signature="init()[pri:0, instance:tests.TestLoginBank@1460a8c0]" name="init" is-config="true" duration-ms="1327" started-at="2020-08-06T21:56:00Z" finished-at="2020-08-06T21:56:02Z">
          <reporter-output>
          </reporter-output>
        </test-method> <!-- init -->
        <test-method status="PASS" signature="verifyAcessEmpty()[pri:0, instance:tests.TestLoginBank@1460a8c0]" name="verifyAcessEmpty" duration-ms="16041" started-at="2020-08-06T21:56:02Z" finished-at="2020-08-06T21:56:18Z">
          <reporter-output>
          </reporter-output>
        </test-method> <!-- verifyAcessEmpty -->
        <test-method status="PASS" signature="init()[pri:0, instance:tests.TestLoginBank@1460a8c0]" name="init" is-config="true" duration-ms="2" started-at="2020-08-06T21:56:18Z" finished-at="2020-08-06T21:56:18Z">
          <reporter-output>
          </reporter-output>
        </test-method> <!-- init -->
        <test-method status="FAIL" signature="verifyAcessInvalid()[pri:0, instance:tests.TestLoginBank@1460a8c0]" name="verifyAcessInvalid" duration-ms="13861" started-at="2020-08-06T21:56:18Z" finished-at="2020-08-06T21:56:32Z">
          <exception class="org.openqa.selenium.NoSuchElementException">
            <message>
              <![CDATA[Unable to find element with css selector == .sufee-alert.alert.with-close.alert-danger.alert-dismissible.fade.show
For documentation on this error, please visit: http://seleniumhq.org/exceptions/no_such_element.html
Build info: version: '3.14.0', revision: 'aacccce0', time: '2018-08-02T20:19:58.91Z'
System info: host: 'DESKTOP-JFIIDIB', ip: '192.168.0.7', os.name: 'Windows 10', os.arch: 'amd64', os.version: '10.0', java.version: '1.8.0_251'
Driver info: org.openqa.selenium.ie.InternetExplorerDriver
Capabilities {acceptInsecureCerts: false, browserName: internet explorer, browserVersion: 11, javascriptEnabled: true, pageLoadStrategy: normal, platform: WINDOWS, platformName: WINDOWS, proxy: Proxy(), se:ieOptions: {browserAttachTimeout: 0, elementScrollBehavior: 0, enablePersistentHover: true, ie.browserCommandLineSwitches: , ie.ensureCleanSession: false, ie.fileUploadDialogTimeout: 3000, ie.forceCreateProcessApi: false, ignoreProtectedModeSettings: false, ignoreZoomSetting: false, initialBrowserUrl: http://localhost:29992/, nativeEvents: true, requireWindowFocus: false}, setWindowRect: true, timeouts: {implicit: 0, pageLoad: 300000, script: 30000}}
Session ID: 99d3ebb3-8787-472a-bd28-404c2771b313
*** Element info: {Using=css selector, value=.sufee-alert.alert.with-close.alert-danger.alert-dismissible.fade.show}]]>
            </message>
            <full-stacktrace>
              <![CDATA[org.openqa.selenium.NoSuchElementException: Unable to find element with css selector == .sufee-alert.alert.with-close.alert-danger.alert-dismissible.fade.show
For documentation on this error, please visit: http://seleniumhq.org/exceptions/no_such_element.html
Build info: version: '3.14.0', revision: 'aacccce0', time: '2018-08-02T20:19:58.91Z'
System info: host: 'DESKTOP-JFIIDIB', ip: '192.168.0.7', os.name: 'Windows 10', os.arch: 'amd64', os.version: '10.0', java.version: '1.8.0_251'
Driver info: org.openqa.selenium.ie.InternetExplorerDriver
Capabilities {acceptInsecureCerts: false, browserName: internet explorer, browserVersion: 11, javascriptEnabled: true, pageLoadStrategy: normal, platform: WINDOWS, platformName: WINDOWS, proxy: Proxy(), se:ieOptions: {browserAttachTimeout: 0, elementScrollBehavior: 0, enablePersistentHover: true, ie.browserCommandLineSwitches: , ie.ensureCleanSession: false, ie.fileUploadDialogTimeout: 3000, ie.forceCreateProcessApi: false, ignoreProtectedModeSettings: false, ignoreZoomSetting: false, initialBrowserUrl: http://localhost:29992/, nativeEvents: true, requireWindowFocus: false}, setWindowRect: true, timeouts: {implicit: 0, pageLoad: 300000, script: 30000}}
Session ID: 99d3ebb3-8787-472a-bd28-404c2771b313
*** Element info: {Using=css selector, value=.sufee-alert.alert.with-close.alert-danger.alert-dismissible.fade.show}
	at sun.reflect.NativeConstructorAccessorImpl.newInstance0(Native Method)
	at sun.reflect.NativeConstructorAccessorImpl.newInstance(Unknown Source)
	at sun.reflect.DelegatingConstructorAccessorImpl.newInstance(Unknown Source)
	at java.lang.reflect.Constructor.newInstance(Unknown Source)
	at org.openqa.selenium.remote.http.W3CHttpResponseCodec.createException(W3CHttpResponseCodec.java:187)
	at org.openqa.selenium.remote.http.W3CHttpResponseCodec.decode(W3CHttpResponseCodec.java:122)
	at org.openqa.selenium.remote.http.W3CHttpResponseCodec.decode(W3CHttpResponseCodec.java:49)
	at org.openqa.selenium.remote.HttpCommandExecutor.execute(HttpCommandExecutor.java:158)
	at org.openqa.selenium.remote.service.DriverCommandExecutor.execute(DriverCommandExecutor.java:83)
	at org.openqa.selenium.remote.RemoteWebDriver.execute(RemoteWebDriver.java:548)
	at org.openqa.selenium.remote.RemoteWebDriver.findElement(RemoteWebDriver.java:322)
	at org.openqa.selenium.remote.RemoteWebDriver.findElementByCssSelector(RemoteWebDriver.java:416)
	at org.openqa.selenium.By$ByCssSelector.findElement(By.java:431)
	at org.openqa.selenium.remote.RemoteWebDriver.findElement(RemoteWebDriver.java:314)
	at org.openqa.selenium.support.pagefactory.DefaultElementLocator.findElement(DefaultElementLocator.java:69)
	at org.openqa.selenium.support.pagefactory.internal.LocatingElementHandler.invoke(LocatingElementHandler.java:38)
	at com.sun.proxy.$Proxy11.getAttribute(Unknown Source)
	at page_objects.LogInBankPage.verifyErrorLogin(LogInBankPage.java:68)
	at tests.TestLoginBank.verifyAcessInvalid(TestLoginBank.java:43)
	at sun.reflect.NativeMethodAccessorImpl.invoke0(Native Method)
	at sun.reflect.NativeMethodAccessorImpl.invoke(Unknown Source)
	at sun.reflect.DelegatingMethodAccessorImpl.invoke(Unknown Source)
	at java.lang.reflect.Method.invoke(Unknown Source)
	at org.testng.internal.MethodInvocationHelper.invokeMethod(MethodInvocationHelper.java:84)
	at org.testng.internal.Invoker.invokeMethod(Invoker.java:714)
	at org.testng.internal.Invoker.invokeTestMethod(Invoker.java:901)
	at org.testng.internal.Invoker.invokeTestMethods(Invoker.java:1231)
	at org.testng.internal.TestMethodWorker.invokeTestMethods(TestMethodWorker.java:127)
	at org.testng.internal.TestMethodWorker.run(TestMethodWorker.java:111)
	at org.testng.TestRunner.privateRun(TestRunner.java:767)
	at org.testng.TestRunner.run(TestRunner.java:617)
	at org.testng.SuiteRunner.runTest(SuiteRunner.java:348)
	at org.testng.SuiteRunner.access$000(SuiteRunner.java:38)
	at org.testng.SuiteRunner$SuiteWorker.run(SuiteRunner.java:382)
	at org.testng.internal.thread.ThreadUtil$2.call(ThreadUtil.java:64)
	at java.util.concurrent.FutureTask.run(Unknown Source)
	at java.util.concurrent.ThreadPoolExecutor.runWorker(Unknown Source)
	at java.util.concurrent.ThreadPoolExecutor$Worker.run(Unknown Source)
	at java.lang.Thread.run(Unknown Source)
]]>
            </full-stacktrace>
          </exception> <!-- org.openqa.selenium.NoSuchElementException -->
          <reporter-output>
          </reporter-output>
        </test-method> <!-- verifyAcessInvalid -->
        <test-method status="PASS" signature="init()[pri:0, instance:tests.TestLoginBank@1460a8c0]" name="init" is-config="true" duration-ms="3" started-at="2020-08-06T21:56:32Z" finished-at="2020-08-06T21:56:32Z">
          <reporter-output>
          </reporter-output>
        </test-method> <!-- init -->
        <test-method status="PASS" signature="verifyAcessSuccessfully()[pri:0, instance:tests.TestLoginBank@1460a8c0]" name="verifyAcessSuccessfully" duration-ms="17395" started-at="2020-08-06T21:56:32Z" finished-at="2020-08-06T21:56:49Z">
          <reporter-output>
          </reporter-output>
        </test-method> <!-- verifyAcessSuccessfully -->
        <test-method status="PASS" signature="after()[pri:0, instance:tests.TestLoginBank@1460a8c0]" name="after" is-config="true" duration-ms="648" started-at="2020-08-06T21:56:49Z" finished-at="2020-08-06T21:56:50Z">
          <reporter-output>
          </reporter-output>
        </test-method> <!-- after -->
      </class> <!-- tests.TestLoginBank -->
    </test> <!-- Test Login on IE -->
    <test name="Test Login on FireFox" duration-ms="104740" started-at="2020-08-07T00:55:23Z" finished-at="2020-08-07T00:57:07Z">
      <class name="tests.TestLoginBank">
        <test-method status="PASS" signature="before(java.lang.String)[pri:0, instance:tests.TestLoginBank@a4102b8]" name="before" is-config="true" duration-ms="79742" started-at="2020-08-06T21:55:23Z" finished-at="2020-08-06T21:56:42Z">
          <params>
            <param index="0">
              <value>
                <![CDATA[Fire fox]]>
              </value>
            </param>
          </params>
          <reporter-output>
          </reporter-output>
        </test-method> <!-- before -->
        <test-method status="PASS" signature="init()[pri:0, instance:tests.TestLoginBank@a4102b8]" name="init" is-config="true" duration-ms="0" started-at="2020-08-06T21:56:42Z" finished-at="2020-08-06T21:56:42Z">
          <reporter-output>
          </reporter-output>
        </test-method> <!-- init -->
        <test-method status="PASS" signature="verifyAcessEmpty()[pri:0, instance:tests.TestLoginBank@a4102b8]" name="verifyAcessEmpty" duration-ms="7477" started-at="2020-08-06T21:56:42Z" finished-at="2020-08-06T21:56:50Z">
          <reporter-output>
          </reporter-output>
        </test-method> <!-- verifyAcessEmpty -->
        <test-method status="PASS" signature="init()[pri:0, instance:tests.TestLoginBank@a4102b8]" name="init" is-config="true" duration-ms="2" started-at="2020-08-06T21:56:50Z" finished-at="2020-08-06T21:56:50Z">
          <reporter-output>
          </reporter-output>
        </test-method> <!-- init -->
        <test-method status="PASS" signature="verifyAcessInvalid()[pri:0, instance:tests.TestLoginBank@a4102b8]" name="verifyAcessInvalid" duration-ms="2728" started-at="2020-08-06T21:56:50Z" finished-at="2020-08-06T21:56:53Z">
          <reporter-output>
          </reporter-output>
        </test-method> <!-- verifyAcessInvalid -->
        <test-method status="PASS" signature="init()[pri:0, instance:tests.TestLoginBank@a4102b8]" name="init" is-config="true" duration-ms="2" started-at="2020-08-06T21:56:53Z" finished-at="2020-08-06T21:56:53Z">
          <reporter-output>
          </reporter-output>
        </test-method> <!-- init -->
        <test-method status="PASS" signature="verifyAcessSuccessfully()[pri:0, instance:tests.TestLoginBank@a4102b8]" name="verifyAcessSuccessfully" duration-ms="5652" started-at="2020-08-06T21:56:53Z" finished-at="2020-08-06T21:56:58Z">
          <reporter-output>
          </reporter-output>
        </test-method> <!-- verifyAcessSuccessfully -->
        <test-method status="PASS" signature="after()[pri:0, instance:tests.TestLoginBank@a4102b8]" name="after" is-config="true" duration-ms="9097" started-at="2020-08-06T21:56:58Z" finished-at="2020-08-06T21:57:07Z">
          <reporter-output>
          </reporter-output>
        </test-method> <!-- after -->
      </class> <!-- tests.TestLoginBank -->
    </test> <!-- Test Login on FireFox -->
    <test name="Test SavingsAdd on Chrome" duration-ms="26358" started-at="2020-08-07T00:56:42Z" finished-at="2020-08-07T00:57:08Z">
      <class name="tests.TestSavingsAdd">
        <test-method status="PASS" signature="before(java.lang.String)[pri:0, instance:tests.TestSavingsAdd@7ff95560]" name="before" is-config="true" duration-ms="17489" started-at="2020-08-06T21:56:42Z" finished-at="2020-08-06T21:56:59Z">
          <params>
            <param index="0">
              <value>
                <![CDATA[Chrome]]>
              </value>
            </param>
          </params>
          <reporter-output>
          </reporter-output>
        </test-method> <!-- before -->
        <test-method status="PASS" signature="init()[pri:0, instance:tests.TestSavingsAdd@7ff95560]" name="init" is-config="true" duration-ms="7715" started-at="2020-08-06T21:56:59Z" finished-at="2020-08-06T21:57:07Z">
          <reporter-output>
          </reporter-output>
        </test-method> <!-- init -->
        <test-method status="PASS" signature="Abc()[pri:0, instance:tests.TestSavingsAdd@7ff95560]" name="Abc" duration-ms="5" started-at="2020-08-06T21:57:07Z" finished-at="2020-08-06T21:57:07Z">
          <reporter-output>
          </reporter-output>
        </test-method> <!-- Abc -->
        <test-method status="PASS" signature="after()[pri:0, instance:tests.TestSavingsAdd@7ff95560]" name="after" is-config="true" duration-ms="1145" started-at="2020-08-06T21:57:07Z" finished-at="2020-08-06T21:57:08Z">
          <reporter-output>
          </reporter-output>
        </test-method> <!-- after -->
      </class> <!-- tests.TestSavingsAdd -->
    </test> <!-- Test SavingsAdd on Chrome -->
  </suite> <!-- LoginBank -->
</testng-results>
